Using pre-set license
Built from '2021.1/staging' branch; Version is '2021.1.6f1 (c0fade0cc7e9) revision 12647134'; Using compiler version '192528614'; Build Type 'Release'
OS: 'Windows 10 Pro; OS build 19041.1110; Version 2004; 64bit' Language: 'en' Physical Memory: 8104 MB
BatchMode: 1, IsHumanControllingUs: 0, StartBugReporterOnCrash: 0, Is64bit: 1, IsPro: 0

 COMMAND LINE ARGUMENTS:
C:\Program Files\Unity\Hub\Editor\2021.1.6f1\Editor\Unity.exe
-adb2
-batchMode
-noUpm
-name
AssetImportWorker0
-projectPath
D:/Projects/Unity/GJL Jam 2021
-logFile
Logs/AssetImportWorker0.log
-srvPort
64650
Successfully changed project path to: D:/Projects/Unity/GJL Jam 2021
D:/Projects/Unity/GJL Jam 2021
Using Asset Import Pipeline V2.
Refreshing native plugins compatible for Editor in 81.55 ms, found 1 plugins.
Preloading 0 native plugins for Editor in 0.00 ms.
Initialize engine version: 2021.1.6f1 (c0fade0cc7e9)
[Subsystems] Discovering subsystems at path C:/Program Files/Unity/Hub/Editor/2021.1.6f1/Editor/Data/Resources/UnitySubsystems
[Subsystems] Discovering subsystems at path D:/Projects/Unity/GJL Jam 2021/Assets
GfxDevice: creating device client; threaded=0; jobified=0
Direct3D:
    Version:  Direct3D 11.0 [level 11.1]
    Renderer: NVIDIA GeForce GTX 960 (ID=0x1401)
    Vendor:   NVIDIA
    VRAM:     4053 MB
    Driver:   30.0.14.7111
Initialize mono
Mono path[0] = 'C:/Program Files/Unity/Hub/Editor/2021.1.6f1/Editor/Data/Managed'
Mono path[1] = 'C:/Program Files/Unity/Hub/Editor/2021.1.6f1/Editor/Data/MonoBleedingEdge/lib/mono/unityjit'
Mono config path = 'C:/Program Files/Unity/Hub/Editor/2021.1.6f1/Editor/Data/MonoBleedingEdge/etc'
Using monoOptions --debugger-agent=transport=dt_socket,embedding=1,server=y,suspend=n,address=127.0.0.1:56476
Begin MonoManager ReloadAssembly
Registering precompiled unity dll's ...
Register platform support module: C:/Program Files/Unity/Hub/Editor/2021.1.6f1/Editor/Data/PlaybackEngines/WebGLSupport/UnityEditor.WebGL.Extensions.dll
Register platform support module: C:/Program Files/Unity/Hub/Editor/2021.1.6f1/Editor/Data/PlaybackEngines/WindowsStandaloneSupport/UnityEditor.WindowsStandalone.Extensions.dll
Registered in 0.004511 seconds.
Native extension for WindowsStandalone target not found
Native extension for WebGL target not found
Refreshing native plugins compatible for Editor in 79.88 ms, found 1 plugins.
Preloading 0 native plugins for Editor in 0.00 ms.
Mono: successfully reloaded assembly
- Completed reload, in  2.387 seconds
Platform modules already initialized, skipping
Registering precompiled user dll's ...
Registered in 0.001366 seconds.
Begin MonoManager ReloadAssembly
Native extension for WindowsStandalone target not found
Native extension for WebGL target not found
Refreshing native plugins compatible for Editor in 0.65 ms, found 1 plugins.
Preloading 0 native plugins for Editor in 0.00 ms.
Mono: successfully reloaded assembly
- Completed reload, in  1.297 seconds
Platform modules already initialized, skipping
========================================================================
Worker process is ready to serve import requests
Launched and connected shader compiler UnityShaderCompiler.exe after 0.10 seconds
Refreshing native plugins compatible for Editor in 0.56 ms, found 1 plugins.
Preloading 0 native plugins for Editor in 0.00 ms.
Unloading 2532 Unused Serialized files (Serialized files now loaded: 0)
System memory in use before: 108.9 MB.
System memory in use after: 109.0 MB.

Unloading 15 unused Assets to reduce memory usage. Loaded Objects now: 2983.
Total: 2.473100 ms (FindLiveObjects: 0.287100 ms CreateObjectMapping: 0.138000 ms MarkObjects: 1.895700 ms  DeleteObjects: 0.150100 ms)

========================================================================
Received Import Request.
  path: Packages/com.unity.test-framework
  artifactKey: Guid(6023f2b823fc19b4e4a90875281ff117) Importer(815301076,1909f56bfc062723c751e8b465ee728b)
Start importing Packages/com.unity.test-framework using Guid(6023f2b823fc19b4e4a90875281ff117) Importer(815301076,1909f56bfc062723c751e8b465ee728b)  -> (artifact id: '7b3fecfc8d873fe96244889d860a7252') in 0.016192 seconds 
========================================================================
Received Import Request.
  Time since last request: 0.000270 seconds.
  path: Packages/com.hextecgames.soundsystem
  artifactKey: Guid(16f92e3bd9284b9cffa0e3a4c2104894) Importer(815301076,1909f56bfc062723c751e8b465ee728b)
Start importing Packages/com.hextecgames.soundsystem using Guid(16f92e3bd9284b9cffa0e3a4c2104894) Importer(815301076,1909f56bfc062723c751e8b465ee728b)  -> (artifact id: 'f01888137861b716c8f90a24f1a3572b') in 0.008797 seconds 
========================================================================
Received Import Request.
  Time since last request: 0.000241 seconds.
  path: Packages/com.hextecgames.basics
  artifactKey: Guid(39e477895ecfabf58d6955ac64951383) Importer(815301076,1909f56bfc062723c751e8b465ee728b)
Start importing Packages/com.hextecgames.basics using Guid(39e477895ecfabf58d6955ac64951383) Importer(815301076,1909f56bfc062723c751e8b465ee728b)  -> (artifact id: 'c707c79d3f13835fb94dcee4cc9b758a') in 0.008835 seconds 
========================================================================
Received Import Request.
  Time since last request: 488.751209 seconds.
  path: Assets/RectGrid/Prefabs
  artifactKey: Guid(9adeb8140ac2da2499301ddc44f290f3) Importer(815301076,1909f56bfc062723c751e8b465ee728b)
Start importing Assets/RectGrid/Prefabs using Guid(9adeb8140ac2da2499301ddc44f290f3) Importer(815301076,1909f56bfc062723c751e8b465ee728b)  -> (artifact id: '8c0246724c3871991ff358f079ab2c61') in 0.023362 seconds 
========================================================================
Received Import Request.
  Time since last request: 11.501099 seconds.
  path: Assets/RectGrid/Scripts/GridLoadData.cs
  artifactKey: Guid(5fc27ac096bf74040b9f66d5a8d774b1) Importer(815301076,1909f56bfc062723c751e8b465ee728b)
Start importing Assets/RectGrid/Scripts/GridLoadData.cs using Guid(5fc27ac096bf74040b9f66d5a8d774b1) Importer(815301076,1909f56bfc062723c751e8b465ee728b)  -> (artifact id: 'e4fc261ababac1f2ba9ceb931ba4c32a') in 0.042265 seconds 
========================================================================
Received Import Request.
  Time since last request: 4.370331 seconds.
  path: Assets/RectGrid/Scripts/SpriteVariety.cs
  artifactKey: Guid(d574ee7c89b4bff4ea7fc5064e5ac633) Importer(815301076,1909f56bfc062723c751e8b465ee728b)
Start importing Assets/RectGrid/Scripts/SpriteVariety.cs using Guid(d574ee7c89b4bff4ea7fc5064e5ac633) Importer(815301076,1909f56bfc062723c751e8b465ee728b)  -> (artifact id: '66ed687451ca07310e9db5e00a5f07df') in 0.030652 seconds 
========================================================================
Received Import Request.
  Time since last request: 5.514075 seconds.
  path: Assets/RectGrid/Scripts/StartMenu.cs
  artifactKey: Guid(f49438d14ca5b6643981a100194164c9) Importer(815301076,1909f56bfc062723c751e8b465ee728b)
Start importing Assets/RectGrid/Scripts/StartMenu.cs using Guid(f49438d14ca5b6643981a100194164c9) Importer(815301076,1909f56bfc062723c751e8b465ee728b)  -> (artifact id: 'a333dd740661e5af9c8c8d6966524c68') in 0.032869 seconds 
========================================================================
Received Prepare
Registering precompiled user dll's ...
Registered in 0.099598 seconds.
Begin MonoManager ReloadAssembly
Native extension for WindowsStandalone target not found
Native extension for WebGL target not found
Refreshing native plugins compatible for Editor in 98.43 ms, found 1 plugins.
Preloading 0 native plugins for Editor in 0.00 ms.
Mono: successfully reloaded assembly
- Completed reload, in  1.755 seconds
Platform modules already initialized, skipping
Refreshing native plugins compatible for Editor in 0.59 ms, found 1 plugins.
Preloading 0 native plugins for Editor in 0.00 ms.
Unloading 2528 Unused Serialized files (Serialized files now loaded: 0)
System memory in use before: 108.4 MB.
System memory in use after: 108.5 MB.

Unloading 18 unused Assets to reduce memory usage. Loaded Objects now: 3013.
Total: 3.093200 ms (FindLiveObjects: 0.275900 ms CreateObjectMapping: 0.139100 ms MarkObjects: 2.519700 ms  DeleteObjects: 0.156000 ms)

